[INFO ] 2019-07-07 11:05:19 [restartedMain] c.s.s.SpringBootDemoApplication - Starting SpringBootDemoApplication on PC-20180926ADWY with PID 1380 (started by Administrator in E:\eclipse保存\springbootDemo)
[INFO ] 2019-07-07 11:05:19 [restartedMain] c.s.s.SpringBootDemoApplication - No active profile set, falling back to default profiles: default
[INFO ] 2019-07-07 11:05:19 [restartedMain] o.s.b.d.e.DevToolsPropertyDefaultsPostProcessor - Devtools property defaults active! Set 'spring.devtools.add-properties' to 'false' to disable
[INFO ] 2019-07-07 11:05:19 [restartedMain] o.s.b.d.e.DevToolsPropertyDefaultsPostProcessor - For additional web related logging consider setting the 'logging.level.web' property to 'DEBUG'
[INFO ] 2019-07-07 11:05:19 [restartedMain] o.s.d.r.c.RepositoryConfigurationDelegate - Bootstrapping Spring Data repositories in DEFAULT mode.
[INFO ] 2019-07-07 11:05:19 [restartedMain] o.s.d.r.c.RepositoryConfigurationDelegate - Finished Spring Data repository scanning in 11ms. Found 0 repository interfaces.
[INFO ] 2019-07-07 11:05:19 [restartedMain] o.s.c.s.PostProcessorRegistrationDelegate$BeanPostProcessorChecker - Bean 'org.springframework.transaction.annotation.ProxyTransactionManagementConfiguration' of type [org.springframework.transaction.annotation.ProxyTransactionManagementConfiguration$$EnhancerBySpringCGLIB$$d86d7fa6] is not eligible for getting processed by all BeanPostProcessors (for example: not eligible for auto-proxying)
[INFO ] 2019-07-07 11:05:19 [restartedMain] o.s.b.w.e.tomcat.TomcatWebServer - Tomcat initialized with port(s): 8080 (http)
[INFO ] 2019-07-07 11:05:19 [restartedMain] o.a.coyote.http11.Http11NioProtocol - Initializing ProtocolHandler ["http-nio-8080"]
[INFO ] 2019-07-07 11:05:19 [restartedMain] o.a.catalina.core.StandardService - Starting service [Tomcat]
[INFO ] 2019-07-07 11:05:19 [restartedMain] o.a.catalina.core.StandardEngine - Starting Servlet engine: [Apache Tomcat/9.0.16]
[INFO ] 2019-07-07 11:05:19 [restartedMain] o.a.c.core.AprLifecycleListener - An older version [1.2.17] of the APR based Apache Tomcat Native library is installed, while Tomcat recommends a minimum version of [1.2.21]
[INFO ] 2019-07-07 11:05:19 [restartedMain] o.a.c.core.AprLifecycleListener - Loaded APR based Apache Tomcat Native library [1.2.17] using APR version [1.6.3].
[INFO ] 2019-07-07 11:05:19 [restartedMain] o.a.c.core.AprLifecycleListener - APR capabilities: IPv6 [true], sendfile [true], accept filters [false], random [true].
[INFO ] 2019-07-07 11:05:19 [restartedMain] o.a.c.core.AprLifecycleListener - APR/OpenSSL configuration: useAprConnector [false], useOpenSSL [true]
[INFO ] 2019-07-07 11:05:19 [restartedMain] o.a.c.core.AprLifecycleListener - OpenSSL successfully initialized [OpenSSL 1.0.2o  27 Mar 2018]
[INFO ] 2019-07-07 11:05:19 [restartedMain] o.a.c.c.C.[Tomcat].[localhost].[/] - Initializing Spring embedded WebApplicationContext
[INFO ] 2019-07-07 11:05:19 [restartedMain] o.s.web.context.ContextLoader - Root WebApplicationContext: initialization completed in 3477 ms
[INFO ] 2019-07-07 11:05:19 [restartedMain] org.hibernate.Version - HHH000412: Hibernate Core {5.3.7.Final}
[INFO ] 2019-07-07 11:05:19 [restartedMain] org.hibernate.cfg.Environment - HHH000206: hibernate.properties not found
[INFO ] 2019-07-07 11:05:19 [restartedMain] o.h.annotations.common.Version - HCANN000001: Hibernate Commons Annotations {5.0.4.Final}
[INFO ] 2019-07-07 11:05:19 [restartedMain] com.zaxxer.hikari.HikariDataSource - HikariPool-1 - Starting...
[INFO ] 2019-07-07 11:05:19 [restartedMain] com.zaxxer.hikari.HikariDataSource - HikariPool-1 - Start completed.
[INFO ] 2019-07-07 11:05:19 [restartedMain] org.hibernate.dialect.Dialect - HHH000400: Using dialect: org.hibernate.dialect.MySQL5InnoDBDialect
[INFO ] 2019-07-07 11:05:19 [restartedMain] o.s.o.j.LocalContainerEntityManagerFactoryBean - Initialized JPA EntityManagerFactory for persistence unit 'default'
[INFO ] 2019-07-07 11:05:19 [restartedMain] o.s.b.d.a.OptionalLiveReloadServer - LiveReload server is running on port 35729
[INFO ] 2019-07-07 11:05:19 [restartedMain] o.s.s.c.ThreadPoolTaskExecutor - Initializing ExecutorService 'applicationTaskExecutor'
[INFO ] 2019-07-07 11:05:19 [restartedMain] o.a.coyote.http11.Http11NioProtocol - Starting ProtocolHandler ["http-nio-8080"]
[INFO ] 2019-07-07 11:05:19 [restartedMain] o.s.b.w.e.tomcat.TomcatWebServer - Tomcat started on port(s): 8080 (http) with context path ''
[INFO ] 2019-07-07 11:05:19 [restartedMain] c.s.s.SpringBootDemoApplication - Started SpringBootDemoApplication in 6.462 seconds (JVM running for 7.062)
[INFO ] 2019-07-07 11:05:19 [http-nio-8080-exec-1] o.a.c.c.C.[Tomcat].[localhost].[/] - Initializing Spring DispatcherServlet 'dispatcherServlet'
[INFO ] 2019-07-07 11:05:19 [http-nio-8080-exec-1] o.s.web.servlet.DispatcherServlet - Initializing Servlet 'dispatcherServlet'
[INFO ] 2019-07-07 11:05:19 [http-nio-8080-exec-1] o.s.web.servlet.DispatcherServlet - Completed initialization in 12 ms
[INFO ] 2019-07-07 11:05:19 [Thread-5] o.s.s.c.ThreadPoolTaskExecutor - Shutting down ExecutorService 'applicationTaskExecutor'
[INFO ] 2019-07-07 11:05:19 [Thread-5] o.s.o.j.LocalContainerEntityManagerFactoryBean - Closing JPA EntityManagerFactory for persistence unit 'default'
[INFO ] 2019-07-07 11:05:19 [Thread-5] com.zaxxer.hikari.HikariDataSource - HikariPool-1 - Shutdown initiated...
[INFO ] 2019-07-07 11:05:19 [Thread-5] com.zaxxer.hikari.HikariDataSource - HikariPool-1 - Shutdown completed.
[INFO ] 2019-07-07 11:08:30 [restartedMain] c.s.s.SpringBootDemoApplication - Starting SpringBootDemoApplication on PC-20180926ADWY with PID 1380 (started by Administrator in E:\eclipse保存\springbootDemo)
[INFO ] 2019-07-07 11:08:30 [restartedMain] c.s.s.SpringBootDemoApplication - No active profile set, falling back to default profiles: default
[INFO ] 2019-07-07 11:08:30 [restartedMain] o.s.d.r.c.RepositoryConfigurationDelegate - Bootstrapping Spring Data repositories in DEFAULT mode.
[INFO ] 2019-07-07 11:08:30 [restartedMain] o.s.d.r.c.RepositoryConfigurationDelegate - Finished Spring Data repository scanning in 2ms. Found 0 repository interfaces.
[INFO ] 2019-07-07 11:08:30 [restartedMain] o.s.c.s.PostProcessorRegistrationDelegate$BeanPostProcessorChecker - Bean 'org.springframework.transaction.annotation.ProxyTransactionManagementConfiguration' of type [org.springframework.transaction.annotation.ProxyTransactionManagementConfiguration$$EnhancerBySpringCGLIB$$d86d7fa6] is not eligible for getting processed by all BeanPostProcessors (for example: not eligible for auto-proxying)
[INFO ] 2019-07-07 11:08:30 [restartedMain] o.s.b.w.e.tomcat.TomcatWebServer - Tomcat initialized with port(s): 8080 (http)
[INFO ] 2019-07-07 11:08:30 [restartedMain] o.a.coyote.http11.Http11NioProtocol - Initializing ProtocolHandler ["http-nio-8080"]
[INFO ] 2019-07-07 11:08:30 [restartedMain] o.a.catalina.core.StandardService - Starting service [Tomcat]
[INFO ] 2019-07-07 11:08:30 [restartedMain] o.a.catalina.core.StandardEngine - Starting Servlet engine: [Apache Tomcat/9.0.16]
[INFO ] 2019-07-07 11:08:30 [restartedMain] o.a.c.core.AprLifecycleListener - An older version [1.2.17] of the APR based Apache Tomcat Native library is installed, while Tomcat recommends a minimum version of [1.2.21]
[INFO ] 2019-07-07 11:08:30 [restartedMain] o.a.c.core.AprLifecycleListener - Loaded APR based Apache Tomcat Native library [1.2.17] using APR version [1.6.3].
[INFO ] 2019-07-07 11:08:30 [restartedMain] o.a.c.core.AprLifecycleListener - APR capabilities: IPv6 [true], sendfile [true], accept filters [false], random [true].
[INFO ] 2019-07-07 11:08:30 [restartedMain] o.a.c.core.AprLifecycleListener - APR/OpenSSL configuration: useAprConnector [false], useOpenSSL [true]
[INFO ] 2019-07-07 11:08:30 [restartedMain] o.a.c.core.AprLifecycleListener - OpenSSL successfully initialized [OpenSSL 1.0.2o  27 Mar 2018]
[INFO ] 2019-07-07 11:08:30 [restartedMain] o.a.c.c.C.[Tomcat].[localhost].[/] - Initializing Spring embedded WebApplicationContext
[INFO ] 2019-07-07 11:08:30 [restartedMain] o.s.web.context.ContextLoader - Root WebApplicationContext: initialization completed in 575 ms
[INFO ] 2019-07-07 11:08:30 [restartedMain] com.zaxxer.hikari.HikariDataSource - HikariPool-2 - Starting...
[INFO ] 2019-07-07 11:08:30 [restartedMain] com.zaxxer.hikari.HikariDataSource - HikariPool-2 - Start completed.
[INFO ] 2019-07-07 11:08:30 [restartedMain] org.hibernate.dialect.Dialect - HHH000400: Using dialect: org.hibernate.dialect.MySQL5InnoDBDialect
[INFO ] 2019-07-07 11:08:30 [restartedMain] o.s.o.j.LocalContainerEntityManagerFactoryBean - Initialized JPA EntityManagerFactory for persistence unit 'default'
[INFO ] 2019-07-07 11:08:30 [restartedMain] o.s.b.d.a.OptionalLiveReloadServer - LiveReload server is running on port 35729
[INFO ] 2019-07-07 11:08:30 [restartedMain] o.s.s.c.ThreadPoolTaskExecutor - Initializing ExecutorService 'applicationTaskExecutor'
[INFO ] 2019-07-07 11:08:30 [restartedMain] o.a.coyote.http11.Http11NioProtocol - Starting ProtocolHandler ["http-nio-8080"]
[INFO ] 2019-07-07 11:08:30 [restartedMain] o.s.b.w.e.tomcat.TomcatWebServer - Tomcat started on port(s): 8080 (http) with context path ''
[INFO ] 2019-07-07 11:08:30 [restartedMain] c.s.s.SpringBootDemoApplication - Started SpringBootDemoApplication in 1.182 seconds (JVM running for 193.293)
[INFO ] 2019-07-07 11:08:30 [restartedMain] o.s.b.d.a.ConditionEvaluationDeltaLoggingListener - Condition evaluation unchanged
[INFO ] 2019-07-07 11:08:30 [Thread-10] o.s.s.c.ThreadPoolTaskExecutor - Shutting down ExecutorService 'applicationTaskExecutor'
[INFO ] 2019-07-07 11:08:30 [Thread-10] o.s.o.j.LocalContainerEntityManagerFactoryBean - Closing JPA EntityManagerFactory for persistence unit 'default'
[INFO ] 2019-07-07 11:08:30 [Thread-10] com.zaxxer.hikari.HikariDataSource - HikariPool-2 - Shutdown initiated...
[INFO ] 2019-07-07 11:08:30 [Thread-10] com.zaxxer.hikari.HikariDataSource - HikariPool-2 - Shutdown completed.
[INFO ] 2019-07-07 11:08:50 [restartedMain] c.s.s.SpringBootDemoApplication - Starting SpringBootDemoApplication on PC-20180926ADWY with PID 1380 (started by Administrator in E:\eclipse保存\springbootDemo)
[INFO ] 2019-07-07 11:08:50 [restartedMain] c.s.s.SpringBootDemoApplication - No active profile set, falling back to default profiles: default
[INFO ] 2019-07-07 11:08:50 [restartedMain] o.s.d.r.c.RepositoryConfigurationDelegate - Bootstrapping Spring Data repositories in DEFAULT mode.
[INFO ] 2019-07-07 11:08:50 [restartedMain] o.s.d.r.c.RepositoryConfigurationDelegate - Finished Spring Data repository scanning in 2ms. Found 0 repository interfaces.
[INFO ] 2019-07-07 11:08:50 [restartedMain] o.s.c.s.PostProcessorRegistrationDelegate$BeanPostProcessorChecker - Bean 'org.springframework.transaction.annotation.ProxyTransactionManagementConfiguration' of type [org.springframework.transaction.annotation.ProxyTransactionManagementConfiguration$$EnhancerBySpringCGLIB$$d86d7fa6] is not eligible for getting processed by all BeanPostProcessors (for example: not eligible for auto-proxying)
[INFO ] 2019-07-07 11:08:50 [restartedMain] o.s.b.w.e.tomcat.TomcatWebServer - Tomcat initialized with port(s): 8080 (http)
[INFO ] 2019-07-07 11:08:50 [restartedMain] o.a.coyote.http11.Http11NioProtocol - Initializing ProtocolHandler ["http-nio-8080"]
[INFO ] 2019-07-07 11:08:50 [restartedMain] o.a.catalina.core.StandardService - Starting service [Tomcat]
[INFO ] 2019-07-07 11:08:50 [restartedMain] o.a.catalina.core.StandardEngine - Starting Servlet engine: [Apache Tomcat/9.0.16]
[INFO ] 2019-07-07 11:08:50 [restartedMain] o.a.c.core.AprLifecycleListener - An older version [1.2.17] of the APR based Apache Tomcat Native library is installed, while Tomcat recommends a minimum version of [1.2.21]
[INFO ] 2019-07-07 11:08:50 [restartedMain] o.a.c.core.AprLifecycleListener - Loaded APR based Apache Tomcat Native library [1.2.17] using APR version [1.6.3].
[INFO ] 2019-07-07 11:08:50 [restartedMain] o.a.c.core.AprLifecycleListener - APR capabilities: IPv6 [true], sendfile [true], accept filters [false], random [true].
[INFO ] 2019-07-07 11:08:50 [restartedMain] o.a.c.core.AprLifecycleListener - APR/OpenSSL configuration: useAprConnector [false], useOpenSSL [true]
[INFO ] 2019-07-07 11:08:50 [restartedMain] o.a.c.core.AprLifecycleListener - OpenSSL successfully initialized [OpenSSL 1.0.2o  27 Mar 2018]
[INFO ] 2019-07-07 11:08:50 [restartedMain] o.a.c.c.C.[Tomcat].[localhost].[/] - Initializing Spring embedded WebApplicationContext
[INFO ] 2019-07-07 11:08:50 [restartedMain] o.s.web.context.ContextLoader - Root WebApplicationContext: initialization completed in 542 ms
[INFO ] 2019-07-07 11:08:50 [restartedMain] com.zaxxer.hikari.HikariDataSource - HikariPool-3 - Starting...
[INFO ] 2019-07-07 11:08:50 [restartedMain] com.zaxxer.hikari.HikariDataSource - HikariPool-3 - Start completed.
[INFO ] 2019-07-07 11:08:50 [restartedMain] org.hibernate.dialect.Dialect - HHH000400: Using dialect: org.hibernate.dialect.MySQL5InnoDBDialect
[INFO ] 2019-07-07 11:08:50 [restartedMain] o.s.o.j.LocalContainerEntityManagerFactoryBean - Initialized JPA EntityManagerFactory for persistence unit 'default'
[INFO ] 2019-07-07 11:08:50 [restartedMain] o.s.b.d.a.OptionalLiveReloadServer - LiveReload server is running on port 35729
[INFO ] 2019-07-07 11:08:50 [restartedMain] o.s.s.c.ThreadPoolTaskExecutor - Initializing ExecutorService 'applicationTaskExecutor'
[INFO ] 2019-07-07 11:08:50 [restartedMain] o.a.coyote.http11.Http11NioProtocol - Starting ProtocolHandler ["http-nio-8080"]
[INFO ] 2019-07-07 11:08:50 [restartedMain] o.s.b.w.e.tomcat.TomcatWebServer - Tomcat started on port(s): 8080 (http) with context path ''
[INFO ] 2019-07-07 11:08:50 [restartedMain] c.s.s.SpringBootDemoApplication - Started SpringBootDemoApplication in 0.988 seconds (JVM running for 213.14)
[INFO ] 2019-07-07 11:08:50 [restartedMain] o.s.b.d.a.ConditionEvaluationDeltaLoggingListener - Condition evaluation unchanged
[INFO ] 2019-07-07 11:27:50 [restartedMain] c.s.s.SpringBootDemoApplication - Starting SpringBootDemoApplication on PC-20180926ADWY with PID 7912 (started by Administrator in E:\eclipse保存\springbootDemo)
[INFO ] 2019-07-07 11:27:50 [restartedMain] c.s.s.SpringBootDemoApplication - No active profile set, falling back to default profiles: default
[INFO ] 2019-07-07 11:27:50 [restartedMain] o.s.b.d.e.DevToolsPropertyDefaultsPostProcessor - Devtools property defaults active! Set 'spring.devtools.add-properties' to 'false' to disable
[INFO ] 2019-07-07 11:27:50 [restartedMain] o.s.b.d.e.DevToolsPropertyDefaultsPostProcessor - For additional web related logging consider setting the 'logging.level.web' property to 'DEBUG'
[INFO ] 2019-07-07 11:27:50 [restartedMain] o.s.d.r.c.RepositoryConfigurationDelegate - Bootstrapping Spring Data repositories in DEFAULT mode.
[INFO ] 2019-07-07 11:27:50 [restartedMain] o.s.d.r.c.RepositoryConfigurationDelegate - Finished Spring Data repository scanning in 15ms. Found 0 repository interfaces.
[INFO ] 2019-07-07 11:27:50 [restartedMain] o.s.c.s.PostProcessorRegistrationDelegate$BeanPostProcessorChecker - Bean 'org.springframework.transaction.annotation.ProxyTransactionManagementConfiguration' of type [org.springframework.transaction.annotation.ProxyTransactionManagementConfiguration$$EnhancerBySpringCGLIB$$53dea494] is not eligible for getting processed by all BeanPostProcessors (for example: not eligible for auto-proxying)
[INFO ] 2019-07-07 11:27:50 [restartedMain] o.s.b.w.e.tomcat.TomcatWebServer - Tomcat initialized with port(s): 8080 (http)
[INFO ] 2019-07-07 11:27:50 [restartedMain] o.a.coyote.http11.Http11NioProtocol - Initializing ProtocolHandler ["http-nio-8080"]
[INFO ] 2019-07-07 11:27:50 [restartedMain] o.a.catalina.core.StandardService - Starting service [Tomcat]
[INFO ] 2019-07-07 11:27:50 [restartedMain] o.a.catalina.core.StandardEngine - Starting Servlet engine: [Apache Tomcat/9.0.16]
[INFO ] 2019-07-07 11:27:50 [restartedMain] o.a.c.core.AprLifecycleListener - An older version [1.2.17] of the APR based Apache Tomcat Native library is installed, while Tomcat recommends a minimum version of [1.2.21]
[INFO ] 2019-07-07 11:27:50 [restartedMain] o.a.c.core.AprLifecycleListener - Loaded APR based Apache Tomcat Native library [1.2.17] using APR version [1.6.3].
[INFO ] 2019-07-07 11:27:50 [restartedMain] o.a.c.core.AprLifecycleListener - APR capabilities: IPv6 [true], sendfile [true], accept filters [false], random [true].
[INFO ] 2019-07-07 11:27:50 [restartedMain] o.a.c.core.AprLifecycleListener - APR/OpenSSL configuration: useAprConnector [false], useOpenSSL [true]
[INFO ] 2019-07-07 11:27:50 [restartedMain] o.a.c.core.AprLifecycleListener - OpenSSL successfully initialized [OpenSSL 1.0.2o  27 Mar 2018]
[INFO ] 2019-07-07 11:27:50 [restartedMain] o.a.c.c.C.[Tomcat].[localhost].[/] - Initializing Spring embedded WebApplicationContext
[INFO ] 2019-07-07 11:27:50 [restartedMain] o.s.web.context.ContextLoader - Root WebApplicationContext: initialization completed in 3557 ms
[INFO ] 2019-07-07 11:27:50 [restartedMain] org.hibernate.Version - HHH000412: Hibernate Core {5.3.7.Final}
[INFO ] 2019-07-07 11:27:50 [restartedMain] org.hibernate.cfg.Environment - HHH000206: hibernate.properties not found
[INFO ] 2019-07-07 11:27:50 [restartedMain] o.h.annotations.common.Version - HCANN000001: Hibernate Commons Annotations {5.0.4.Final}
[INFO ] 2019-07-07 11:27:50 [restartedMain] com.zaxxer.hikari.HikariDataSource - HikariPool-1 - Starting...
[INFO ] 2019-07-07 11:27:50 [restartedMain] com.zaxxer.hikari.HikariDataSource - HikariPool-1 - Start completed.
[INFO ] 2019-07-07 11:27:50 [restartedMain] org.hibernate.dialect.Dialect - HHH000400: Using dialect: org.hibernate.dialect.MySQL5InnoDBDialect
[INFO ] 2019-07-07 11:27:50 [restartedMain] o.s.o.j.LocalContainerEntityManagerFactoryBean - Initialized JPA EntityManagerFactory for persistence unit 'default'
[INFO ] 2019-07-07 11:27:50 [restartedMain] o.s.b.d.a.OptionalLiveReloadServer - LiveReload server is running on port 35729
[INFO ] 2019-07-07 11:27:50 [restartedMain] o.s.o.j.LocalContainerEntityManagerFactoryBean - Closing JPA EntityManagerFactory for persistence unit 'default'
[INFO ] 2019-07-07 11:27:50 [restartedMain] com.zaxxer.hikari.HikariDataSource - HikariPool-1 - Shutdown initiated...
[INFO ] 2019-07-07 11:27:50 [restartedMain] com.zaxxer.hikari.HikariDataSource - HikariPool-1 - Shutdown completed.
[INFO ] 2019-07-07 11:27:50 [restartedMain] o.a.catalina.core.StandardService - Stopping service [Tomcat]
[INFO ] 2019-07-07 12:40:23 [restartedMain] c.s.s.SpringBootDemoApplication - Starting SpringBootDemoApplication on PC-20180926ADWY with PID 6816 (started by Administrator in E:\eclipse保存\springbootDemo)
[INFO ] 2019-07-07 12:40:23 [restartedMain] c.s.s.SpringBootDemoApplication - No active profile set, falling back to default profiles: default
[INFO ] 2019-07-07 12:40:23 [restartedMain] o.s.b.d.e.DevToolsPropertyDefaultsPostProcessor - Devtools property defaults active! Set 'spring.devtools.add-properties' to 'false' to disable
[INFO ] 2019-07-07 12:40:23 [restartedMain] o.s.b.d.e.DevToolsPropertyDefaultsPostProcessor - For additional web related logging consider setting the 'logging.level.web' property to 'DEBUG'
[INFO ] 2019-07-07 12:40:23 [restartedMain] o.s.d.r.c.RepositoryConfigurationDelegate - Bootstrapping Spring Data repositories in DEFAULT mode.
[INFO ] 2019-07-07 12:40:23 [restartedMain] o.s.d.r.c.RepositoryConfigurationDelegate - Finished Spring Data repository scanning in 12ms. Found 0 repository interfaces.
[INFO ] 2019-07-07 12:40:23 [restartedMain] o.s.c.s.PostProcessorRegistrationDelegate$BeanPostProcessorChecker - Bean 'org.springframework.transaction.annotation.ProxyTransactionManagementConfiguration' of type [org.springframework.transaction.annotation.ProxyTransactionManagementConfiguration$$EnhancerBySpringCGLIB$$5ed9df78] is not eligible for getting processed by all BeanPostProcessors (for example: not eligible for auto-proxying)
[INFO ] 2019-07-07 12:40:23 [restartedMain] o.s.b.w.e.tomcat.TomcatWebServer - Tomcat initialized with port(s): 8080 (http)
[INFO ] 2019-07-07 12:40:23 [restartedMain] o.a.coyote.http11.Http11NioProtocol - Initializing ProtocolHandler ["http-nio-8080"]
[INFO ] 2019-07-07 12:40:23 [restartedMain] o.a.catalina.core.StandardService - Starting service [Tomcat]
[INFO ] 2019-07-07 12:40:23 [restartedMain] o.a.catalina.core.StandardEngine - Starting Servlet engine: [Apache Tomcat/9.0.16]
[INFO ] 2019-07-07 12:40:23 [restartedMain] o.a.c.core.AprLifecycleListener - An older version [1.2.17] of the APR based Apache Tomcat Native library is installed, while Tomcat recommends a minimum version of [1.2.21]
[INFO ] 2019-07-07 12:40:23 [restartedMain] o.a.c.core.AprLifecycleListener - Loaded APR based Apache Tomcat Native library [1.2.17] using APR version [1.6.3].
[INFO ] 2019-07-07 12:40:23 [restartedMain] o.a.c.core.AprLifecycleListener - APR capabilities: IPv6 [true], sendfile [true], accept filters [false], random [true].
[INFO ] 2019-07-07 12:40:23 [restartedMain] o.a.c.core.AprLifecycleListener - APR/OpenSSL configuration: useAprConnector [false], useOpenSSL [true]
[INFO ] 2019-07-07 12:40:23 [restartedMain] o.a.c.core.AprLifecycleListener - OpenSSL successfully initialized [OpenSSL 1.0.2o  27 Mar 2018]
[INFO ] 2019-07-07 12:40:23 [restartedMain] o.a.c.c.C.[Tomcat].[localhost].[/] - Initializing Spring embedded WebApplicationContext
[INFO ] 2019-07-07 12:40:23 [restartedMain] o.s.web.context.ContextLoader - Root WebApplicationContext: initialization completed in 3587 ms
[INFO ] 2019-07-07 12:40:23 [restartedMain] org.hibernate.Version - HHH000412: Hibernate Core {5.3.7.Final}
[INFO ] 2019-07-07 12:40:23 [restartedMain] org.hibernate.cfg.Environment - HHH000206: hibernate.properties not found
[INFO ] 2019-07-07 12:40:23 [restartedMain] o.h.annotations.common.Version - HCANN000001: Hibernate Commons Annotations {5.0.4.Final}
[INFO ] 2019-07-07 12:40:23 [restartedMain] com.zaxxer.hikari.HikariDataSource - HikariPool-1 - Starting...
[INFO ] 2019-07-07 12:40:23 [restartedMain] com.zaxxer.hikari.HikariDataSource - HikariPool-1 - Start completed.
[INFO ] 2019-07-07 12:40:23 [restartedMain] org.hibernate.dialect.Dialect - HHH000400: Using dialect: org.hibernate.dialect.MySQL5InnoDBDialect
[INFO ] 2019-07-07 12:40:23 [restartedMain] o.s.o.j.LocalContainerEntityManagerFactoryBean - Initialized JPA EntityManagerFactory for persistence unit 'default'
[INFO ] 2019-07-07 12:40:23 [restartedMain] o.s.b.d.a.OptionalLiveReloadServer - LiveReload server is running on port 35729
[INFO ] 2019-07-07 12:40:23 [restartedMain] o.s.s.c.ThreadPoolTaskScheduler - Initializing ExecutorService 'taskScheduler'
[INFO ] 2019-07-07 12:40:23 [restartedMain] o.s.s.c.ThreadPoolTaskExecutor - Initializing ExecutorService 'applicationTaskExecutor'
[INFO ] 2019-07-07 12:40:23 [restartedMain] o.a.coyote.http11.Http11NioProtocol - Starting ProtocolHandler ["http-nio-8080"]
[INFO ] 2019-07-07 12:40:23 [restartedMain] o.s.b.w.e.tomcat.TomcatWebServer - Tomcat started on port(s): 8080 (http) with context path ''
[INFO ] 2019-07-07 12:40:23 [restartedMain] c.s.s.SpringBootDemoApplication - Started SpringBootDemoApplication in 7.048 seconds (JVM running for 7.629)
[INFO ] 2019-07-07 12:40:23 [http-nio-8080-exec-1] o.a.c.c.C.[Tomcat].[localhost].[/] - Initializing Spring DispatcherServlet 'dispatcherServlet'
[INFO ] 2019-07-07 12:40:23 [http-nio-8080-exec-1] o.s.web.servlet.DispatcherServlet - Initializing Servlet 'dispatcherServlet'
[INFO ] 2019-07-07 12:40:23 [http-nio-8080-exec-1] o.s.web.servlet.DispatcherServlet - Completed initialization in 12 ms
[INFO ] 2019-07-07 12:40:23 [Thread-5] o.s.s.c.ThreadPoolTaskExecutor - Shutting down ExecutorService 'applicationTaskExecutor'
[INFO ] 2019-07-07 12:40:23 [Thread-5] o.s.s.c.ThreadPoolTaskScheduler - Shutting down ExecutorService 'taskScheduler'
[INFO ] 2019-07-07 12:40:23 [Thread-5] o.s.o.j.LocalContainerEntityManagerFactoryBean - Closing JPA EntityManagerFactory for persistence unit 'default'
[INFO ] 2019-07-07 12:40:23 [Thread-5] com.zaxxer.hikari.HikariDataSource - HikariPool-1 - Shutdown initiated...
[INFO ] 2019-07-07 12:40:23 [Thread-5] com.zaxxer.hikari.HikariDataSource - HikariPool-1 - Shutdown completed.
[INFO ] 2019-07-07 12:42:13 [restartedMain] c.s.s.SpringBootDemoApplication - Starting SpringBootDemoApplication on PC-20180926ADWY with PID 6816 (started by Administrator in E:\eclipse保存\springbootDemo)
[INFO ] 2019-07-07 12:42:13 [restartedMain] c.s.s.SpringBootDemoApplication - No active profile set, falling back to default profiles: default
[INFO ] 2019-07-07 12:42:13 [restartedMain] o.s.d.r.c.RepositoryConfigurationDelegate - Bootstrapping Spring Data repositories in DEFAULT mode.
[INFO ] 2019-07-07 12:42:13 [restartedMain] o.s.d.r.c.RepositoryConfigurationDelegate - Finished Spring Data repository scanning in 6ms. Found 0 repository interfaces.
[INFO ] 2019-07-07 12:42:13 [restartedMain] o.s.c.s.PostProcessorRegistrationDelegate$BeanPostProcessorChecker - Bean 'org.springframework.transaction.annotation.ProxyTransactionManagementConfiguration' of type [org.springframework.transaction.annotation.ProxyTransactionManagementConfiguration$$EnhancerBySpringCGLIB$$5ed9df78] is not eligible for getting processed by all BeanPostProcessors (for example: not eligible for auto-proxying)
[INFO ] 2019-07-07 12:42:13 [restartedMain] o.s.b.w.e.tomcat.TomcatWebServer - Tomcat initialized with port(s): 8080 (http)
[INFO ] 2019-07-07 12:42:13 [restartedMain] o.a.coyote.http11.Http11NioProtocol - Initializing ProtocolHandler ["http-nio-8080"]
[INFO ] 2019-07-07 12:42:13 [restartedMain] o.a.catalina.core.StandardService - Starting service [Tomcat]
[INFO ] 2019-07-07 12:42:13 [restartedMain] o.a.catalina.core.StandardEngine - Starting Servlet engine: [Apache Tomcat/9.0.16]
[INFO ] 2019-07-07 12:42:13 [restartedMain] o.a.c.core.AprLifecycleListener - An older version [1.2.17] of the APR based Apache Tomcat Native library is installed, while Tomcat recommends a minimum version of [1.2.21]
[INFO ] 2019-07-07 12:42:13 [restartedMain] o.a.c.core.AprLifecycleListener - Loaded APR based Apache Tomcat Native library [1.2.17] using APR version [1.6.3].
[INFO ] 2019-07-07 12:42:13 [restartedMain] o.a.c.core.AprLifecycleListener - APR capabilities: IPv6 [true], sendfile [true], accept filters [false], random [true].
[INFO ] 2019-07-07 12:42:13 [restartedMain] o.a.c.core.AprLifecycleListener - APR/OpenSSL configuration: useAprConnector [false], useOpenSSL [true]
[INFO ] 2019-07-07 12:42:13 [restartedMain] o.a.c.core.AprLifecycleListener - OpenSSL successfully initialized [OpenSSL 1.0.2o  27 Mar 2018]
[INFO ] 2019-07-07 12:42:13 [restartedMain] o.a.c.c.C.[Tomcat].[localhost].[/] - Initializing Spring embedded WebApplicationContext
[INFO ] 2019-07-07 12:42:13 [restartedMain] o.s.web.context.ContextLoader - Root WebApplicationContext: initialization completed in 628 ms
[INFO ] 2019-07-07 12:42:13 [restartedMain] com.zaxxer.hikari.HikariDataSource - HikariPool-2 - Starting...
[INFO ] 2019-07-07 12:42:13 [restartedMain] com.zaxxer.hikari.HikariDataSource - HikariPool-2 - Start completed.
[INFO ] 2019-07-07 12:42:13 [restartedMain] org.hibernate.dialect.Dialect - HHH000400: Using dialect: org.hibernate.dialect.MySQL5InnoDBDialect
[INFO ] 2019-07-07 12:42:13 [restartedMain] o.s.o.j.LocalContainerEntityManagerFactoryBean - Initialized JPA EntityManagerFactory for persistence unit 'default'
[INFO ] 2019-07-07 12:42:13 [restartedMain] o.s.b.d.a.OptionalLiveReloadServer - LiveReload server is running on port 35729
[INFO ] 2019-07-07 12:42:13 [restartedMain] o.s.s.c.ThreadPoolTaskScheduler - Initializing ExecutorService 'taskScheduler'
[INFO ] 2019-07-07 12:42:13 [restartedMain] o.s.s.c.ThreadPoolTaskExecutor - Initializing ExecutorService 'applicationTaskExecutor'
[INFO ] 2019-07-07 12:42:13 [restartedMain] o.a.coyote.http11.Http11NioProtocol - Starting ProtocolHandler ["http-nio-8080"]
[INFO ] 2019-07-07 12:42:13 [restartedMain] o.s.b.w.e.tomcat.TomcatWebServer - Tomcat started on port(s): 8080 (http) with context path ''
[INFO ] 2019-07-07 12:42:13 [restartedMain] c.s.s.SpringBootDemoApplication - Started SpringBootDemoApplication in 1.271 seconds (JVM running for 113.068)
[INFO ] 2019-07-07 12:42:13 [restartedMain] o.s.b.d.a.ConditionEvaluationDeltaLoggingListener - Condition evaluation unchanged
[INFO ] 2019-07-07 12:42:27 [restartedMain] c.s.s.SpringBootDemoApplication - Starting SpringBootDemoApplication on PC-20180926ADWY with PID 6772 (started by Administrator in E:\eclipse保存\springbootDemo)
[INFO ] 2019-07-07 12:42:27 [restartedMain] c.s.s.SpringBootDemoApplication - No active profile set, falling back to default profiles: default
[INFO ] 2019-07-07 12:42:27 [restartedMain] o.s.b.d.e.DevToolsPropertyDefaultsPostProcessor - Devtools property defaults active! Set 'spring.devtools.add-properties' to 'false' to disable
[INFO ] 2019-07-07 12:42:27 [restartedMain] o.s.b.d.e.DevToolsPropertyDefaultsPostProcessor - For additional web related logging consider setting the 'logging.level.web' property to 'DEBUG'
[INFO ] 2019-07-07 12:42:27 [restartedMain] o.s.d.r.c.RepositoryConfigurationDelegate - Bootstrapping Spring Data repositories in DEFAULT mode.
[INFO ] 2019-07-07 12:42:27 [restartedMain] o.s.d.r.c.RepositoryConfigurationDelegate - Finished Spring Data repository scanning in 12ms. Found 0 repository interfaces.
[INFO ] 2019-07-07 12:42:27 [restartedMain] o.s.c.s.PostProcessorRegistrationDelegate$BeanPostProcessorChecker - Bean 'org.springframework.transaction.annotation.ProxyTransactionManagementConfiguration' of type [org.springframework.transaction.annotation.ProxyTransactionManagementConfiguration$$EnhancerBySpringCGLIB$$38aa8d1] is not eligible for getting processed by all BeanPostProcessors (for example: not eligible for auto-proxying)
[INFO ] 2019-07-07 12:42:27 [restartedMain] o.s.b.w.e.tomcat.TomcatWebServer - Tomcat initialized with port(s): 8080 (http)
[INFO ] 2019-07-07 12:42:27 [restartedMain] o.a.coyote.http11.Http11NioProtocol - Initializing ProtocolHandler ["http-nio-8080"]
[INFO ] 2019-07-07 12:42:27 [restartedMain] o.a.catalina.core.StandardService - Starting service [Tomcat]
[INFO ] 2019-07-07 12:42:27 [restartedMain] o.a.catalina.core.StandardEngine - Starting Servlet engine: [Apache Tomcat/9.0.16]
[INFO ] 2019-07-07 12:42:27 [restartedMain] o.a.c.core.AprLifecycleListener - An older version [1.2.17] of the APR based Apache Tomcat Native library is installed, while Tomcat recommends a minimum version of [1.2.21]
[INFO ] 2019-07-07 12:42:27 [restartedMain] o.a.c.core.AprLifecycleListener - Loaded APR based Apache Tomcat Native library [1.2.17] using APR version [1.6.3].
[INFO ] 2019-07-07 12:42:27 [restartedMain] o.a.c.core.AprLifecycleListener - APR capabilities: IPv6 [true], sendfile [true], accept filters [false], random [true].
[INFO ] 2019-07-07 12:42:27 [restartedMain] o.a.c.core.AprLifecycleListener - APR/OpenSSL configuration: useAprConnector [false], useOpenSSL [true]
[INFO ] 2019-07-07 12:42:27 [restartedMain] o.a.c.core.AprLifecycleListener - OpenSSL successfully initialized [OpenSSL 1.0.2o  27 Mar 2018]
[INFO ] 2019-07-07 12:42:27 [restartedMain] o.a.c.c.C.[Tomcat].[localhost].[/] - Initializing Spring embedded WebApplicationContext
[INFO ] 2019-07-07 12:42:27 [restartedMain] o.s.web.context.ContextLoader - Root WebApplicationContext: initialization completed in 3603 ms
[INFO ] 2019-07-07 12:42:27 [restartedMain] org.hibernate.Version - HHH000412: Hibernate Core {5.3.7.Final}
[INFO ] 2019-07-07 12:42:27 [restartedMain] org.hibernate.cfg.Environment - HHH000206: hibernate.properties not found
[INFO ] 2019-07-07 12:42:27 [restartedMain] o.h.annotations.common.Version - HCANN000001: Hibernate Commons Annotations {5.0.4.Final}
[INFO ] 2019-07-07 12:42:27 [restartedMain] com.zaxxer.hikari.HikariDataSource - HikariPool-1 - Starting...
[INFO ] 2019-07-07 12:42:27 [restartedMain] com.zaxxer.hikari.HikariDataSource - HikariPool-1 - Start completed.
[INFO ] 2019-07-07 12:42:27 [restartedMain] org.hibernate.dialect.Dialect - HHH000400: Using dialect: org.hibernate.dialect.MySQL5InnoDBDialect
[INFO ] 2019-07-07 12:42:27 [restartedMain] o.s.o.j.LocalContainerEntityManagerFactoryBean - Initialized JPA EntityManagerFactory for persistence unit 'default'
[INFO ] 2019-07-07 12:42:27 [restartedMain] o.s.s.c.ThreadPoolTaskScheduler - Initializing ExecutorService 'taskScheduler'
[INFO ] 2019-07-07 12:42:27 [restartedMain] o.s.s.c.ThreadPoolTaskExecutor - Initializing ExecutorService 'applicationTaskExecutor'
[INFO ] 2019-07-07 12:42:27 [restartedMain] o.a.coyote.http11.Http11NioProtocol - Starting ProtocolHandler ["http-nio-8080"]
[INFO ] 2019-07-07 12:42:27 [restartedMain] o.a.coyote.http11.Http11NioProtocol - Pausing ProtocolHandler ["http-nio-8080"]
[INFO ] 2019-07-07 12:42:27 [restartedMain] o.a.catalina.core.StandardService - Stopping service [Tomcat]
[INFO ] 2019-07-07 12:42:27 [restartedMain] o.apache.catalina.util.LifecycleBase - The stop() method was called on component [StandardServer[-1]] after stop() had already been called. The second call will be ignored.
[INFO ] 2019-07-07 12:42:27 [restartedMain] o.a.coyote.http11.Http11NioProtocol - Stopping ProtocolHandler ["http-nio-8080"]
[INFO ] 2019-07-07 12:42:27 [restartedMain] o.a.coyote.http11.Http11NioProtocol - Destroying ProtocolHandler ["http-nio-8080"]
[INFO ] 2019-07-07 12:42:27 [restartedMain] o.s.s.c.ThreadPoolTaskExecutor - Shutting down ExecutorService 'applicationTaskExecutor'
[INFO ] 2019-07-07 12:42:27 [restartedMain] o.s.s.c.ThreadPoolTaskScheduler - Shutting down ExecutorService 'taskScheduler'
[INFO ] 2019-07-07 12:42:27 [restartedMain] o.s.o.j.LocalContainerEntityManagerFactoryBean - Closing JPA EntityManagerFactory for persistence unit 'default'
[INFO ] 2019-07-07 12:42:27 [restartedMain] com.zaxxer.hikari.HikariDataSource - HikariPool-1 - Shutdown initiated...
[INFO ] 2019-07-07 12:42:27 [restartedMain] com.zaxxer.hikari.HikariDataSource - HikariPool-1 - Shutdown completed.
[INFO ] 2019-07-07 12:42:13 [http-nio-8080-exec-1] o.a.c.c.C.[Tomcat].[localhost].[/] - Initializing Spring DispatcherServlet 'dispatcherServlet'
[INFO ] 2019-07-07 12:42:13 [http-nio-8080-exec-1] o.s.web.servlet.DispatcherServlet - Initializing Servlet 'dispatcherServlet'
[INFO ] 2019-07-07 12:42:13 [http-nio-8080-exec-1] o.s.web.servlet.DispatcherServlet - Completed initialization in 9 ms
